<?xml version="1.0" encoding="UTF-8"?>
<!-- Generated by org.testng.reporters.JUnitReportReporter -->
<testsuite skipped="0" hostname="DjanGo-PC" name="testClasses.Test01" tests="1" failures="0" timestamp="05 Feb 2019 04:23:21 GMT" time="3.711" errors="0">
  <testcase name="googleSearch" time="3.711" classname="testClasses.Test01"/>
</testsuite> <!-- testClasses.Test01 -->
